build/app/outputs/mapping/release/seeds.txt
com.example.mr_worker.MainActivity
com.example.mr_worker.MainActivity: MainActivity()
...
androidx.appcompat.widget.Toolbar: void setTitleMarginEnd(int)
androidx.appcompat.widget.AppCompatButton: void setSupportBackgroundTintList(android.content.res.ColorStateList)
androidx.window.embedding.SplitRule$Api30Impl: SplitRule$Api30Impl()
io.flutter.embedding.android.FlutterView: void setWindowInfoListenerDisplayFeatures(androidx.window.layout.WindowLayoutInfo)
androidx.appcompat.widget.SearchView: void setIconified(boolean)
androidx.window.layout.HardwareFoldingFeature: androidx.window.layout.FoldingFeature$Orientation getOrientation()
io.flutter.view.AccessibilityBridge$Flag: io.flutter.view.AccessibilityBridge$Flag[] values()
kotlin.jvm.internal.FunctionReference: kotlin.reflect.KCallable getReflected()
androidx.appcompat.widget.AppCompatSpinner: android.content.Context getPopupContext()
com.yalantis.ucrop.view.CropImageView: void setMaxResultImageSizeX(int)
androidx.vectordrawable.graphics.drawable.VectorDrawableCompat$VPathRenderer: int getRootAlpha()
androidx.core.view.ViewCompat$Api16Impl: void setBackground(android.view.View,android.graphics.drawable.Drawable)
androidx.window.embedding.SplitRule: boolean equals(java.lang.Object)
androidx.window.core.Version: java.lang.String toString()
io.flutter.embedding.engine.FlutterJNI: void setLocalizationPlugin(io.flutter.plugin.localization.LocalizationPlugin)
androidx.appcompat.widget.Toolbar: void setNavigationContentDescription(java.lang.CharSequence)
androidx.core.view.MarginLayoutParamsCompat$Api17Impl: int getMarginEnd(android.view.ViewGroup$MarginLayoutParams)
androidx.appcompat.widget.ScrollingTabContainerView: void setContentHeight(int)
androidx.core.view.ViewCompat$Api21Impl: float getElevation(android.view.View)
androidx.appcompat.widget.AppCompatToggleButton: void setBackgroundDrawable(android.graphics.drawable.Drawable)
androidx.core.widget.TextViewCompat$Api16Impl: int getMaxLines(android.widget.TextView)
androidx.appcompat.widget.Toolbar: void setLogo(int)
androidx.appcompat.widget.Toolbar: java.lang.CharSequence getTitle()
androidx.lifecycle.Lifecycle$State: androidx.lifecycle.Lifecycle$State[] values()
androidx.lifecycle.ReportFragment$LifecycleCallbacks: void onActivityPreDestroyed(android.app.Activity)
io.flutter.embedding.engine.systemchannels.PlatformChannel$SoundType: io.flutter.embedding.engine.systemchannels.PlatformChannel$SoundType[] values()
androidx.window.embedding.SplitController: void unregisterRule(androidx.window.embedding.EmbeddingRule)
androidx.window.java.layout.WindowInfoTrackerCallbackAdapter$addListener$1$1: java.lang.Object invokeSuspend(java.lang.Object)
io.flutter.plugins.GeneratedPluginRegistrant: void registerWith(io.flutter.embedding.engine.FlutterEngine)
androidx.appcompat.widget.ActionBarContainer: void setPrimaryBackground(android.graphics.drawable.Drawable)
io.flutter.plugin.editing.ImeSyncDeferringInsetsCallback: android.view.View access$602(io.flutter.plugin.editing.ImeSyncDeferringInsetsCallback,android.view.View)
androidx.appcompat.widget.ActionMenuView: void setOverflowIcon(android.graphics.drawable.Drawable)
androidx.appcompat.widget.LinearLayoutCompat: LinearLayoutCompat(android.content.Context,android.util.AttributeSet)
androidx.appcompat.widget.LinearLayoutCompat: android.graphics.drawable.Drawable getDividerDrawable()
androidx.window.embedding.ActivityStack: boolean isEmpty()
io.flutter.embedding.engine.systemchannels.SettingsChannel$PlatformBrightness: io.flutter.embedding.engine.systemchannels.SettingsChannel$PlatformBrightness[] values()
kotlin.jvm.internal.CallableReference: kotlin.reflect.KVisibility getVisibility()
androidx.core.app.AppOpsManagerCompat$Api29Impl: int checkOpNoThrow(android.app.AppOpsManager,java.lang.String,int,java.lang.String)
androidx.window.layout.WindowInfoTracker$Companion: WindowInfoTracker$Companion()
androidx.window.layout.WindowMetricsCalculatorCompat: android.graphics.Rect computeWindowBoundsN$window_release(android.app.Activity)