build/app/outputs/mapping/release/mapping.txt
# compiler: R8
# compiler_version: 3.1.66
# min_api: 16
# pg_map_id: ffe9b42
# common_typos_disable
# {"id":"com.android.tools.r8.mapping","version":"1.0"}
...
androidx.transition.AnimatorUtils -> a0.a:
    void addPauseListener(android.animation.Animator,android.animation.AnimatorListenerAdapter) -> a
    void pause(android.animation.Animator) -> b
    void resume(android.animation.Animator) -> c
androidx.transition.AnimatorUtils$AnimatorPauseListenerCompat -> a0.a$a:
androidx.transition.AutoTransition -> a0.b:
    void init() -> q0
androidx.transition.ChangeBounds -> a0.c:
    android.util.Property BOTTOM_RIGHT_ONLY_PROPERTY -> U
    android.util.Property TOP_LEFT_ONLY_PROPERTY -> V
    boolean mResizeClip -> O
    android.util.Property TOP_LEFT_PROPERTY -> S
    boolean mReparent -> P
    android.util.Property BOTTOM_RIGHT_PROPERTY -> T
    androidx.transition.RectEvaluator sRectEvaluator -> X
    android.util.Property POSITION_PROPERTY -> W
    int[] mTempLocation -> N
    java.lang.String[] sTransitionProperties -> Q
    android.util.Property DRAWABLE_ORIGIN_PROPERTY -> R
    java.lang.String[] getTransitionProperties() -> E
    void captureValues(androidx.transition.TransitionValues) -> d0
    boolean parentMatches(android.view.View,android.view.View) -> e0
    void captureEndValues(androidx.transition.TransitionValues) -> h
    void captureStartValues(androidx.transition.TransitionValues) -> k
    android.animation.Animator createAnimator(android.view.ViewGroup,androidx.transition.TransitionValues,androidx.transition.TransitionValues) -> o
androidx.transition.ChangeBounds$1 -> a0.c$b:
    android.graphics.Rect mBounds -> a
    android.graphics.PointF get(android.graphics.drawable.Drawable) -> a
    void set(android.graphics.drawable.Drawable,android.graphics.PointF) -> b
androidx.transition.ChangeBounds$10 -> a0.c$a:
    android.view.ViewGroup val$sceneRoot -> a
    androidx.transition.ChangeBounds this$0 -> e
    android.graphics.drawable.BitmapDrawable val$drawable -> b
    float val$transitionAlpha -> d
    android.view.View val$view -> c
androidx.transition.ChangeBounds$2 -> a0.c$c:
    android.graphics.PointF get(androidx.transition.ChangeBounds$ViewBounds) -> a
    void set(androidx.transition.ChangeBounds$ViewBounds,android.graphics.PointF) -> b
androidx.transition.ChangeBounds$3 -> a0.c$d:
    android.graphics.PointF get(androidx.transition.ChangeBounds$ViewBounds) -> a
    void set(androidx.transition.ChangeBounds$ViewBounds,android.graphics.PointF) -> b
androidx.transition.ChangeBounds$4 -> a0.c$e:
    android.graphics.PointF get(android.view.View) -> a
    void set(android.view.View,android.graphics.PointF) -> b
androidx.transition.ChangeBounds$5 -> a0.c$f:
    android.graphics.PointF get(android.view.View) -> a
    void set(android.view.View,android.graphics.PointF) -> b
androidx.transition.ChangeBounds$6 -> a0.c$g:
    android.graphics.PointF get(android.view.View) -> a
    void set(android.view.View,android.graphics.PointF) -> b
androidx.transition.ChangeBounds$7 -> a0.c$h:
    androidx.transition.ChangeBounds this$0 -> b
    androidx.transition.ChangeBounds$ViewBounds val$viewBounds -> a
androidx.transition.ChangeBounds$8 -> a0.c$i:
    androidx.transition.ChangeBounds this$0 -> h
    int val$endRight -> f
    int val$endBottom -> g
    int val$endLeft -> d
    android.view.View val$view -> b
    int val$endTop -> e
    boolean mIsCanceled -> a
    android.graphics.Rect val$finalClip -> c
androidx.transition.ChangeBounds$9 -> a0.c$j:
    android.view.ViewGroup val$parent -> b
    androidx.transition.ChangeBounds this$0 -> c
    boolean mCanceled -> a
    void onTransitionEnd(androidx.transition.Transition) -> a
    void onTransitionCancel(androidx.transition.Transition) -> b
    void onTransitionResume(androidx.transition.Transition) -> d
    void onTransitionPause(androidx.transition.Transition) -> e